2020-06-13 13:16:37,227 INFO  [log] Bearer 6c6b453978b0bd6aa2f0b475e66ce829e95bdc52
2020-06-13 13:16:39,177 INFO  [log] 254
2020-06-13 13:16:41,315 INFO  [log] INV-2013-0029
2020-06-13 13:16:41,711 INFO  [log] Bearer fb6d946c35b98e78a4d7800e759148bba42f6bd5
2020-06-13 13:16:43,152 INFO  [log] 255
2020-06-13 13:16:44,361 INFO  [log] INV-2013-0030
2020-06-13 13:16:45,084 INFO  [log] id
2020-06-13 13:16:45,102 INFO  [log]  row size is 7
2020-06-13 13:16:45,104 INFO  [log]  column size is 1
2020-06-13 13:16:45,104 INFO  [log]  Current email id  is  asd@gmail.com
2020-06-13 13:16:45,474 INFO  [log] Bearer 030d4b1850a5b9e16587c78d7d257a859cf99a49
2020-06-13 13:16:46,825 INFO  [log] 256
2020-06-13 13:16:47,858 INFO  [log] INV-2013-0031
2020-06-13 13:16:47,883 INFO  [log] Status:  FINISHED, time taken for testCase is: 2471 ms
2020-06-13 13:16:47,902 INFO  [log] number of test steps executed are: 8
2020-06-13 13:16:47,908 INFO  [log]  Current email id  is  bbb@gmail.com
2020-06-13 13:16:48,225 INFO  [log] Bearer 0a8f9a9029d1887b125e905d629128b2bddaab13
2020-06-13 13:16:49,572 INFO  [log] 257
2020-06-13 13:16:50,653 INFO  [log] INV-2013-0032
2020-06-13 13:16:50,685 INFO  [log] Status:  FINISHED, time taken for testCase is: 2495 ms
2020-06-13 13:16:50,693 INFO  [log] number of test steps executed are: 8
2020-06-13 13:16:50,698 INFO  [log]  Current email id  is  ccc@gmail.com
2020-06-13 13:16:51,017 INFO  [log] Bearer f57c74291e73ba05570c80ba6b153d0b7a3e1d3d
2020-06-13 13:16:52,425 INFO  [log] 258
2020-06-13 13:16:53,473 INFO  [log] INV-2013-0033
2020-06-13 13:16:53,489 INFO  [log] Status:  FINISHED, time taken for testCase is: 2595 ms
2020-06-13 13:16:53,489 INFO  [log] number of test steps executed are: 8
2020-06-13 13:16:53,494 INFO  [log]  Current email id  is  ddd@gmail.com
2020-06-13 13:16:53,831 INFO  [log] Bearer 7a1eb622df7685785e2ed923571f5de1f1e66d2d
2020-06-13 13:16:55,224 INFO  [log] 259
2020-06-13 13:16:56,264 INFO  [log] INV-2013-0034
2020-06-13 13:16:56,284 INFO  [log] Status:  FINISHED, time taken for testCase is: 2581 ms
2020-06-13 13:16:56,285 INFO  [log] number of test steps executed are: 8
2020-06-13 13:16:56,294 INFO  [log]  Current email id  is  eee@gmail.com
2020-06-13 13:16:56,598 INFO  [log] Bearer 542887c7f4b8aebb1a028f6e2a617e913a0c7f94
2020-06-13 13:16:58,011 INFO  [log] 260
2020-06-13 13:16:59,066 INFO  [log] INV-2013-0035
2020-06-13 13:16:59,094 INFO  [log] Status:  FINISHED, time taken for testCase is: 2559 ms
2020-06-13 13:16:59,101 INFO  [log] number of test steps executed are: 8
2020-06-13 13:16:59,103 INFO  [log]  Current email id  is  fff@gmail.com
2020-06-13 13:16:59,422 INFO  [log] Bearer e389193ea1c4f681c07f1f016ad447b32f748962
2020-06-13 13:17:00,780 INFO  [log] 261
2020-06-13 13:17:01,824 INFO  [log] INV-2013-0036
2020-06-13 13:17:01,848 INFO  [log] Status:  FINISHED, time taken for testCase is: 2544 ms
2020-06-13 13:17:01,855 INFO  [log] number of test steps executed are: 8
