2020-06-13 13:16:24,132 WARN  [SoapUI] Missing folder [C:\Users\VIGNESHRAVIKUMAR\Desktop\Project\my-vigneshRest\ext] for external libraries
2020-06-13 13:16:24,389 INFO  [DefaultSoapUICore] initialized soapui-settings from [C:\Users\VIGNESHRAVIKUMAR\soapui-settings.xml]
2020-06-13 13:16:27,614 INFO  [PluginManager] Adding plugin from [C:\Users\VIGNESHRAVIKUMAR\.soapuios\plugins\ready-mqtt-plugin-dist.jar]
2020-06-13 13:16:27,617 INFO  [PluginManager] Adding plugin from [C:\Users\VIGNESHRAVIKUMAR\.soapuios\plugins\soapui-swagger-plugin-2.2-dist.jar]
2020-06-13 13:16:29,295 ERROR [SoapUI] An error occurred [com.eviware.soapui.plugins.auto.factories.AutoImportMethodFactory], see error log for details
2020-06-13 13:16:29,302 ERROR [errorlog] java.lang.ClassNotFoundException: com.eviware.soapui.plugins.auto.factories.AutoImportMethodFactory
java.lang.ClassNotFoundException: com.eviware.soapui.plugins.auto.factories.AutoImportMethodFactory
	at org.codehaus.plexus.classworlds.strategy.SelfFirstStrategy.loadClass(SelfFirstStrategy.java:50)
	at org.codehaus.plexus.classworlds.realm.ClassRealm.unsynchronizedLoadClass(ClassRealm.java:271)
	at org.codehaus.plexus.classworlds.realm.ClassRealm.loadClass(ClassRealm.java:247)
	at org.codehaus.plexus.classworlds.realm.ClassRealm.loadClass(ClassRealm.java:239)
	at java.lang.Class.forName0(Native Method)
	at java.lang.Class.forName(Class.java:264)
	at com.eviware.soapui.plugins.LoaderBase.loadAutoFactories(LoaderBase.java:113)
	at com.eviware.soapui.plugins.LoaderBase.loadFactories(LoaderBase.java:80)
	at com.eviware.soapui.plugins.PluginLoader.loadPluginFactories(PluginLoader.java:141)
	at com.eviware.soapui.plugins.PluginLoader.loadPlugin(PluginLoader.java:104)
	at com.eviware.soapui.plugins.PluginLoader.loadPlugin(PluginLoader.java:54)
	at com.eviware.soapui.plugins.PluginManager.doInstallPlugin(PluginManager.java:141)
	at com.eviware.soapui.plugins.PluginManager.access$600(PluginManager.java:43)
	at com.eviware.soapui.plugins.PluginManager$LoadPluginsTask.computeSequentially(PluginManager.java:420)
	at com.eviware.soapui.plugins.PluginManager$LoadPluginsTask.compute(PluginManager.java:377)
	at com.eviware.soapui.plugins.PluginManager$LoadPluginsTask.compute(PluginManager.java:382)
	at com.eviware.soapui.plugins.PluginManager$LoadPluginsTask.compute(PluginManager.java:365)
	at java.util.concurrent.RecursiveTask.exec(RecursiveTask.java:94)
	at java.util.concurrent.ForkJoinTask.doExec(ForkJoinTask.java:289)
	at java.util.concurrent.ForkJoinPool$WorkQueue.runTask(ForkJoinPool.java:1056)
	at java.util.concurrent.ForkJoinPool.runWorker(ForkJoinPool.java:1692)
	at java.util.concurrent.ForkJoinWorkerThread.run(ForkJoinWorkerThread.java:157)
2020-06-13 13:16:29,690 ERROR [SoapUI] An error occurred [com.eviware.soapui.plugins.auto.factories.AutoDiscoveryMethodFactory], see error log for details
2020-06-13 13:16:29,692 ERROR [errorlog] java.lang.ClassNotFoundException: com.eviware.soapui.plugins.auto.factories.AutoDiscoveryMethodFactory
java.lang.ClassNotFoundException: com.eviware.soapui.plugins.auto.factories.AutoDiscoveryMethodFactory
	at org.codehaus.plexus.classworlds.strategy.SelfFirstStrategy.loadClass(SelfFirstStrategy.java:50)
	at org.codehaus.plexus.classworlds.realm.ClassRealm.unsynchronizedLoadClass(ClassRealm.java:271)
	at org.codehaus.plexus.classworlds.realm.ClassRealm.loadClass(ClassRealm.java:247)
	at org.codehaus.plexus.classworlds.realm.ClassRealm.loadClass(ClassRealm.java:239)
	at java.lang.Class.forName0(Native Method)
	at java.lang.Class.forName(Class.java:264)
	at com.eviware.soapui.plugins.LoaderBase.loadAutoFactories(LoaderBase.java:113)
	at com.eviware.soapui.plugins.LoaderBase.loadFactories(LoaderBase.java:80)
	at com.eviware.soapui.plugins.PluginLoader.loadPluginFactories(PluginLoader.java:141)
	at com.eviware.soapui.plugins.PluginLoader.loadPlugin(PluginLoader.java:104)
	at com.eviware.soapui.plugins.PluginLoader.loadPlugin(PluginLoader.java:54)
	at com.eviware.soapui.plugins.PluginManager.doInstallPlugin(PluginManager.java:141)
	at com.eviware.soapui.plugins.PluginManager.access$600(PluginManager.java:43)
	at com.eviware.soapui.plugins.PluginManager$LoadPluginsTask.computeSequentially(PluginManager.java:420)
	at com.eviware.soapui.plugins.PluginManager$LoadPluginsTask.compute(PluginManager.java:377)
	at com.eviware.soapui.plugins.PluginManager$LoadPluginsTask.compute(PluginManager.java:382)
	at com.eviware.soapui.plugins.PluginManager$LoadPluginsTask.compute(PluginManager.java:365)
	at java.util.concurrent.RecursiveTask.exec(RecursiveTask.java:94)
	at java.util.concurrent.ForkJoinTask.doExec(ForkJoinTask.java:289)
	at java.util.concurrent.ForkJoinPool$WorkQueue.runTask(ForkJoinPool.java:1056)
	at java.util.concurrent.ForkJoinPool.runWorker(ForkJoinPool.java:1692)
	at java.util.concurrent.ForkJoinWorkerThread.run(ForkJoinWorkerThread.java:157)
2020-06-13 13:16:29,753 ERROR [SoapUI] An error occurred [com.eviware.soapui.plugins.auto.factories.AutoImportMethodFactory], see error log for details
2020-06-13 13:16:29,754 ERROR [errorlog] java.lang.ClassNotFoundException: com.eviware.soapui.plugins.auto.factories.AutoImportMethodFactory
java.lang.ClassNotFoundException: com.eviware.soapui.plugins.auto.factories.AutoImportMethodFactory
	at org.codehaus.plexus.classworlds.strategy.SelfFirstStrategy.loadClass(SelfFirstStrategy.java:50)
	at org.codehaus.plexus.classworlds.realm.ClassRealm.unsynchronizedLoadClass(ClassRealm.java:271)
	at org.codehaus.plexus.classworlds.realm.ClassRealm.loadClass(ClassRealm.java:247)
	at org.codehaus.plexus.classworlds.realm.ClassRealm.loadClass(ClassRealm.java:239)
	at java.lang.Class.forName0(Native Method)
	at java.lang.Class.forName(Class.java:264)
	at com.eviware.soapui.plugins.LoaderBase.loadAutoFactories(LoaderBase.java:113)
	at com.eviware.soapui.plugins.LoaderBase.loadFactories(LoaderBase.java:80)
	at com.eviware.soapui.plugins.PluginLoader.loadPluginFactories(PluginLoader.java:141)
	at com.eviware.soapui.plugins.PluginLoader.loadPlugin(PluginLoader.java:104)
	at com.eviware.soapui.plugins.PluginLoader.loadPlugin(PluginLoader.java:54)
	at com.eviware.soapui.plugins.PluginManager.doInstallPlugin(PluginManager.java:141)
	at com.eviware.soapui.plugins.PluginManager.access$600(PluginManager.java:43)
	at com.eviware.soapui.plugins.PluginManager$LoadPluginsTask.computeSequentially(PluginManager.java:420)
	at com.eviware.soapui.plugins.PluginManager$LoadPluginsTask.compute(PluginManager.java:377)
	at com.eviware.soapui.plugins.PluginManager$LoadPluginsTask.compute(PluginManager.java:365)
	at java.util.concurrent.RecursiveTask.exec(RecursiveTask.java:94)
	at java.util.concurrent.ForkJoinTask.doExec(ForkJoinTask.java:289)
	at java.util.concurrent.ForkJoinPool$WorkQueue.runTask(ForkJoinPool.java:1056)
	at java.util.concurrent.ForkJoinPool.runWorker(ForkJoinPool.java:1692)
	at java.util.concurrent.ForkJoinWorkerThread.run(ForkJoinWorkerThread.java:157)
2020-06-13 13:16:30,005 INFO  [PluginManager] Adding plugin from [C:\Users\VIGNESHRAVIKUMAR\.soapuios\plugins\ready-uxm-plugin-1.0.1-dist.jar]
2020-06-13 13:16:30,290 ERROR [SoapUI] An error occurred [com.eviware.soapui.plugins.auto.factories.AutoDiscoveryMethodFactory], see error log for details
2020-06-13 13:16:30,301 ERROR [errorlog] java.lang.ClassNotFoundException: com.eviware.soapui.plugins.auto.factories.AutoDiscoveryMethodFactory
java.lang.ClassNotFoundException: com.eviware.soapui.plugins.auto.factories.AutoDiscoveryMethodFactory
	at org.codehaus.plexus.classworlds.strategy.SelfFirstStrategy.loadClass(SelfFirstStrategy.java:50)
	at org.codehaus.plexus.classworlds.realm.ClassRealm.unsynchronizedLoadClass(ClassRealm.java:271)
	at org.codehaus.plexus.classworlds.realm.ClassRealm.loadClass(ClassRealm.java:247)
	at org.codehaus.plexus.classworlds.realm.ClassRealm.loadClass(ClassRealm.java:239)
	at java.lang.Class.forName0(Native Method)
	at java.lang.Class.forName(Class.java:264)
	at com.eviware.soapui.plugins.LoaderBase.loadAutoFactories(LoaderBase.java:113)
	at com.eviware.soapui.plugins.LoaderBase.loadFactories(LoaderBase.java:80)
	at com.eviware.soapui.plugins.PluginLoader.loadPluginFactories(PluginLoader.java:141)
	at com.eviware.soapui.plugins.PluginLoader.loadPlugin(PluginLoader.java:104)
	at com.eviware.soapui.plugins.PluginLoader.loadPlugin(PluginLoader.java:54)
	at com.eviware.soapui.plugins.PluginManager.doInstallPlugin(PluginManager.java:141)
	at com.eviware.soapui.plugins.PluginManager.access$600(PluginManager.java:43)
	at com.eviware.soapui.plugins.PluginManager$LoadPluginsTask.computeSequentially(PluginManager.java:420)
	at com.eviware.soapui.plugins.PluginManager$LoadPluginsTask.compute(PluginManager.java:377)
	at com.eviware.soapui.plugins.PluginManager$LoadPluginsTask.compute(PluginManager.java:365)
	at java.util.concurrent.RecursiveTask.exec(RecursiveTask.java:94)
	at java.util.concurrent.ForkJoinTask.doExec(ForkJoinTask.java:289)
	at java.util.concurrent.ForkJoinPool$WorkQueue.runTask(ForkJoinPool.java:1056)
	at java.util.concurrent.ForkJoinPool.runWorker(ForkJoinPool.java:1692)
	at java.util.concurrent.ForkJoinWorkerThread.run(ForkJoinWorkerThread.java:157)
2020-06-13 13:16:30,653 INFO  [PluginManager] Adding plugin from [C:\Users\VIGNESHRAVIKUMAR\.soapuios\plugins\readyapi-postman-1.0.1.jar]
2020-06-13 13:16:31,489 ERROR [SoapUI] An error occurred [com.eviware.soapui.plugins.auto.factories.AutoImportMethodFactory], see error log for details
2020-06-13 13:16:31,490 ERROR [errorlog] java.lang.ClassNotFoundException: com.eviware.soapui.plugins.auto.factories.AutoImportMethodFactory
java.lang.ClassNotFoundException: com.eviware.soapui.plugins.auto.factories.AutoImportMethodFactory
	at org.codehaus.plexus.classworlds.strategy.SelfFirstStrategy.loadClass(SelfFirstStrategy.java:50)
	at org.codehaus.plexus.classworlds.realm.ClassRealm.unsynchronizedLoadClass(ClassRealm.java:271)
	at org.codehaus.plexus.classworlds.realm.ClassRealm.loadClass(ClassRealm.java:247)
	at org.codehaus.plexus.classworlds.realm.ClassRealm.loadClass(ClassRealm.java:239)
	at java.lang.Class.forName0(Native Method)
	at java.lang.Class.forName(Class.java:264)
	at com.eviware.soapui.plugins.LoaderBase.loadAutoFactories(LoaderBase.java:113)
	at com.eviware.soapui.plugins.LoaderBase.loadFactories(LoaderBase.java:80)
	at com.eviware.soapui.plugins.PluginLoader.loadPluginFactories(PluginLoader.java:141)
	at com.eviware.soapui.plugins.PluginLoader.loadPlugin(PluginLoader.java:104)
	at com.eviware.soapui.plugins.PluginLoader.loadPlugin(PluginLoader.java:54)
	at com.eviware.soapui.plugins.PluginManager.doInstallPlugin(PluginManager.java:141)
	at com.eviware.soapui.plugins.PluginManager.access$600(PluginManager.java:43)
	at com.eviware.soapui.plugins.PluginManager$LoadPluginsTask.computeSequentially(PluginManager.java:420)
	at com.eviware.soapui.plugins.PluginManager$LoadPluginsTask.compute(PluginManager.java:377)
	at com.eviware.soapui.plugins.PluginManager$LoadPluginsTask.compute(PluginManager.java:365)
	at java.util.concurrent.RecursiveTask.exec(RecursiveTask.java:94)
	at java.util.concurrent.ForkJoinTask.doExec(ForkJoinTask.java:289)
	at java.util.concurrent.ForkJoinPool$WorkQueue.runTask(ForkJoinPool.java:1056)
	at java.util.concurrent.ForkJoinPool.runWorker(ForkJoinPool.java:1692)
	at java.util.concurrent.ForkJoinWorkerThread.run(ForkJoinWorkerThread.java:157)
2020-06-13 13:16:31,574 ERROR [SoapUI] An error occurred [com.eviware.soapui.plugins.auto.factories.AutoImportMethodFactory], see error log for details
2020-06-13 13:16:31,577 ERROR [errorlog] java.lang.ClassNotFoundException: com.eviware.soapui.plugins.auto.factories.AutoImportMethodFactory
java.lang.ClassNotFoundException: com.eviware.soapui.plugins.auto.factories.AutoImportMethodFactory
	at org.codehaus.plexus.classworlds.strategy.SelfFirstStrategy.loadClass(SelfFirstStrategy.java:50)
	at org.codehaus.plexus.classworlds.realm.ClassRealm.unsynchronizedLoadClass(ClassRealm.java:271)
	at org.codehaus.plexus.classworlds.realm.ClassRealm.loadClass(ClassRealm.java:247)
	at org.codehaus.plexus.classworlds.realm.ClassRealm.loadClass(ClassRealm.java:239)
	at java.lang.Class.forName0(Native Method)
	at java.lang.Class.forName(Class.java:264)
	at com.eviware.soapui.plugins.LoaderBase.loadAutoFactories(LoaderBase.java:113)
	at com.eviware.soapui.plugins.LoaderBase.loadFactories(LoaderBase.java:80)
	at com.eviware.soapui.plugins.PluginLoader.loadPluginFactories(PluginLoader.java:141)
	at com.eviware.soapui.plugins.PluginLoader.loadPlugin(PluginLoader.java:104)
	at com.eviware.soapui.plugins.PluginLoader.loadPlugin(PluginLoader.java:54)
	at com.eviware.soapui.plugins.PluginManager.doInstallPlugin(PluginManager.java:141)
	at com.eviware.soapui.plugins.PluginManager.access$600(PluginManager.java:43)
	at com.eviware.soapui.plugins.PluginManager$LoadPluginsTask.computeSequentially(PluginManager.java:420)
	at com.eviware.soapui.plugins.PluginManager$LoadPluginsTask.compute(PluginManager.java:377)
	at com.eviware.soapui.plugins.PluginManager$LoadPluginsTask.compute(PluginManager.java:382)
	at com.eviware.soapui.plugins.PluginManager$LoadPluginsTask.compute(PluginManager.java:365)
	at java.util.concurrent.RecursiveTask.exec(RecursiveTask.java:94)
	at java.util.concurrent.ForkJoinTask.doExec(ForkJoinTask.java:289)
	at java.util.concurrent.ForkJoinPool$WorkQueue.runTask(ForkJoinPool.java:1056)
	at java.util.concurrent.ForkJoinPool.runWorker(ForkJoinPool.java:1692)
	at java.util.concurrent.ForkJoinWorkerThread.run(ForkJoinWorkerThread.java:157)
2020-06-13 13:16:31,686 ERROR [SoapUI] An error occurred [com.eviware.soapui.plugins.auto.factories.AutoDiscoveryMethodFactory], see error log for details
2020-06-13 13:16:31,687 ERROR [errorlog] java.lang.ClassNotFoundException: com.eviware.soapui.plugins.auto.factories.AutoDiscoveryMethodFactory
java.lang.ClassNotFoundException: com.eviware.soapui.plugins.auto.factories.AutoDiscoveryMethodFactory
	at org.codehaus.plexus.classworlds.strategy.SelfFirstStrategy.loadClass(SelfFirstStrategy.java:50)
	at org.codehaus.plexus.classworlds.realm.ClassRealm.unsynchronizedLoadClass(ClassRealm.java:271)
	at org.codehaus.plexus.classworlds.realm.ClassRealm.loadClass(ClassRealm.java:247)
	at org.codehaus.plexus.classworlds.realm.ClassRealm.loadClass(ClassRealm.java:239)
	at java.lang.Class.forName0(Native Method)
	at java.lang.Class.forName(Class.java:264)
	at com.eviware.soapui.plugins.LoaderBase.loadAutoFactories(LoaderBase.java:113)
	at com.eviware.soapui.plugins.LoaderBase.loadFactories(LoaderBase.java:80)
	at com.eviware.soapui.plugins.PluginLoader.loadPluginFactories(PluginLoader.java:141)
	at com.eviware.soapui.plugins.PluginLoader.loadPlugin(PluginLoader.java:104)
	at com.eviware.soapui.plugins.PluginLoader.loadPlugin(PluginLoader.java:54)
	at com.eviware.soapui.plugins.PluginManager.doInstallPlugin(PluginManager.java:141)
	at com.eviware.soapui.plugins.PluginManager.access$600(PluginManager.java:43)
	at com.eviware.soapui.plugins.PluginManager$LoadPluginsTask.computeSequentially(PluginManager.java:420)
	at com.eviware.soapui.plugins.PluginManager$LoadPluginsTask.compute(PluginManager.java:377)
	at com.eviware.soapui.plugins.PluginManager$LoadPluginsTask.compute(PluginManager.java:365)
	at java.util.concurrent.RecursiveTask.exec(RecursiveTask.java:94)
	at java.util.concurrent.ForkJoinTask.doExec(ForkJoinTask.java:289)
	at java.util.concurrent.ForkJoinPool$WorkQueue.runTask(ForkJoinPool.java:1056)
	at java.util.concurrent.ForkJoinPool.runWorker(ForkJoinPool.java:1692)
	at java.util.concurrent.ForkJoinWorkerThread.run(ForkJoinWorkerThread.java:157)
2020-06-13 13:16:31,860 ERROR [SoapUI] An error occurred [com.eviware.soapui.plugins.auto.factories.AutoDiscoveryMethodFactory], see error log for details
2020-06-13 13:16:31,860 ERROR [errorlog] java.lang.ClassNotFoundException: com.eviware.soapui.plugins.auto.factories.AutoDiscoveryMethodFactory
java.lang.ClassNotFoundException: com.eviware.soapui.plugins.auto.factories.AutoDiscoveryMethodFactory
	at org.codehaus.plexus.classworlds.strategy.SelfFirstStrategy.loadClass(SelfFirstStrategy.java:50)
	at org.codehaus.plexus.classworlds.realm.ClassRealm.unsynchronizedLoadClass(ClassRealm.java:271)
	at org.codehaus.plexus.classworlds.realm.ClassRealm.loadClass(ClassRealm.java:247)
	at org.codehaus.plexus.classworlds.realm.ClassRealm.loadClass(ClassRealm.java:239)
	at java.lang.Class.forName0(Native Method)
	at java.lang.Class.forName(Class.java:264)
	at com.eviware.soapui.plugins.LoaderBase.loadAutoFactories(LoaderBase.java:113)
	at com.eviware.soapui.plugins.LoaderBase.loadFactories(LoaderBase.java:80)
	at com.eviware.soapui.plugins.PluginLoader.loadPluginFactories(PluginLoader.java:141)
	at com.eviware.soapui.plugins.PluginLoader.loadPlugin(PluginLoader.java:104)
	at com.eviware.soapui.plugins.PluginLoader.loadPlugin(PluginLoader.java:54)
	at com.eviware.soapui.plugins.PluginManager.doInstallPlugin(PluginManager.java:141)
	at com.eviware.soapui.plugins.PluginManager.access$600(PluginManager.java:43)
	at com.eviware.soapui.plugins.PluginManager$LoadPluginsTask.computeSequentially(PluginManager.java:420)
	at com.eviware.soapui.plugins.PluginManager$LoadPluginsTask.compute(PluginManager.java:377)
	at com.eviware.soapui.plugins.PluginManager$LoadPluginsTask.compute(PluginManager.java:382)
	at com.eviware.soapui.plugins.PluginManager$LoadPluginsTask.compute(PluginManager.java:365)
	at java.util.concurrent.RecursiveTask.exec(RecursiveTask.java:94)
	at java.util.concurrent.ForkJoinTask.doExec(ForkJoinTask.java:289)
	at java.util.concurrent.ForkJoinPool$WorkQueue.runTask(ForkJoinPool.java:1056)
	at java.util.concurrent.ForkJoinPool.runWorker(ForkJoinPool.java:1692)
	at java.util.concurrent.ForkJoinWorkerThread.run(ForkJoinWorkerThread.java:157)
2020-06-13 13:16:32,198 INFO  [PluginManager] Adding plugin from [C:\Users\VIGNESHRAVIKUMAR\.soapuios\plugins\readyapi-swaggerhub-plugin-1.0.jar]
2020-06-13 13:16:32,606 ERROR [SoapUI] An error occurred [com.eviware.soapui.plugins.auto.factories.AutoImportMethodFactory], see error log for details
2020-06-13 13:16:32,606 ERROR [errorlog] java.lang.ClassNotFoundException: com.eviware.soapui.plugins.auto.factories.AutoImportMethodFactory
java.lang.ClassNotFoundException: com.eviware.soapui.plugins.auto.factories.AutoImportMethodFactory
	at org.codehaus.plexus.classworlds.strategy.SelfFirstStrategy.loadClass(SelfFirstStrategy.java:50)
	at org.codehaus.plexus.classworlds.realm.ClassRealm.unsynchronizedLoadClass(ClassRealm.java:271)
	at org.codehaus.plexus.classworlds.realm.ClassRealm.loadClass(ClassRealm.java:247)
	at org.codehaus.plexus.classworlds.realm.ClassRealm.loadClass(ClassRealm.java:239)
	at java.lang.Class.forName0(Native Method)
	at java.lang.Class.forName(Class.java:264)
	at com.eviware.soapui.plugins.LoaderBase.loadAutoFactories(LoaderBase.java:113)
	at com.eviware.soapui.plugins.LoaderBase.loadFactories(LoaderBase.java:80)
	at com.eviware.soapui.plugins.PluginLoader.loadPluginFactories(PluginLoader.java:141)
	at com.eviware.soapui.plugins.PluginLoader.loadPlugin(PluginLoader.java:104)
	at com.eviware.soapui.plugins.PluginLoader.loadPlugin(PluginLoader.java:54)
	at com.eviware.soapui.plugins.PluginManager.doInstallPlugin(PluginManager.java:141)
	at com.eviware.soapui.plugins.PluginManager.access$600(PluginManager.java:43)
	at com.eviware.soapui.plugins.PluginManager$LoadPluginsTask.computeSequentially(PluginManager.java:420)
	at com.eviware.soapui.plugins.PluginManager$LoadPluginsTask.compute(PluginManager.java:377)
	at com.eviware.soapui.plugins.PluginManager$LoadPluginsTask.compute(PluginManager.java:382)
	at com.eviware.soapui.plugins.PluginManager$LoadPluginsTask.compute(PluginManager.java:365)
	at java.util.concurrent.RecursiveTask.exec(RecursiveTask.java:94)
	at java.util.concurrent.ForkJoinTask.doExec(ForkJoinTask.java:289)
	at java.util.concurrent.ForkJoinPool$WorkQueue.runTask(ForkJoinPool.java:1056)
	at java.util.concurrent.ForkJoinPool.runWorker(ForkJoinPool.java:1692)
	at java.util.concurrent.ForkJoinWorkerThread.run(ForkJoinWorkerThread.java:157)
2020-06-13 13:16:32,805 ERROR [SoapUI] An error occurred [com.eviware.soapui.plugins.auto.factories.AutoDiscoveryMethodFactory], see error log for details
2020-06-13 13:16:32,805 ERROR [errorlog] java.lang.ClassNotFoundException: com.eviware.soapui.plugins.auto.factories.AutoDiscoveryMethodFactory
java.lang.ClassNotFoundException: com.eviware.soapui.plugins.auto.factories.AutoDiscoveryMethodFactory
	at org.codehaus.plexus.classworlds.strategy.SelfFirstStrategy.loadClass(SelfFirstStrategy.java:50)
	at org.codehaus.plexus.classworlds.realm.ClassRealm.unsynchronizedLoadClass(ClassRealm.java:271)
	at org.codehaus.plexus.classworlds.realm.ClassRealm.loadClass(ClassRealm.java:247)
	at org.codehaus.plexus.classworlds.realm.ClassRealm.loadClass(ClassRealm.java:239)
	at java.lang.Class.forName0(Native Method)
	at java.lang.Class.forName(Class.java:264)
	at com.eviware.soapui.plugins.LoaderBase.loadAutoFactories(LoaderBase.java:113)
	at com.eviware.soapui.plugins.LoaderBase.loadFactories(LoaderBase.java:80)
	at com.eviware.soapui.plugins.PluginLoader.loadPluginFactories(PluginLoader.java:141)
	at com.eviware.soapui.plugins.PluginLoader.loadPlugin(PluginLoader.java:104)
	at com.eviware.soapui.plugins.PluginLoader.loadPlugin(PluginLoader.java:54)
	at com.eviware.soapui.plugins.PluginManager.doInstallPlugin(PluginManager.java:141)
	at com.eviware.soapui.plugins.PluginManager.access$600(PluginManager.java:43)
	at com.eviware.soapui.plugins.PluginManager$LoadPluginsTask.computeSequentially(PluginManager.java:420)
	at com.eviware.soapui.plugins.PluginManager$LoadPluginsTask.compute(PluginManager.java:377)
	at com.eviware.soapui.plugins.PluginManager$LoadPluginsTask.compute(PluginManager.java:382)
	at com.eviware.soapui.plugins.PluginManager$LoadPluginsTask.compute(PluginManager.java:365)
	at java.util.concurrent.RecursiveTask.exec(RecursiveTask.java:94)
	at java.util.concurrent.ForkJoinTask.doExec(ForkJoinTask.java:289)
	at java.util.concurrent.ForkJoinPool$WorkQueue.runTask(ForkJoinPool.java:1056)
	at java.util.concurrent.ForkJoinPool.runWorker(ForkJoinPool.java:1692)
	at java.util.concurrent.ForkJoinWorkerThread.run(ForkJoinWorkerThread.java:157)
2020-06-13 13:16:32,977 INFO  [PluginManager] 5 plugins loaded in 5367 ms
2020-06-13 13:16:32,977 INFO  [DefaultSoapUICore] All plugins loaded
2020-06-13 13:16:34,686 INFO  [WsdlProject] Loaded project from [file:/C:/Users/VIGNESHRAVIKUMAR/Desktop/Project/my-vigneshRest/REST-Project-vignesh.xml]
2020-06-13 13:16:34,718 INFO  [SoapUITestCaseRunner] Running SoapUI tests in project [Rest Project]
2020-06-13 13:16:34,724 INFO  [SoapUITestCaseRunner] Running Project [Rest Project], runType = SEQUENTIAL
2020-06-13 13:16:34,771 INFO  [SoapUITestCaseRunner] Running SoapUI testcase [TC01-DataBase&E2E]
2020-06-13 13:16:34,818 INFO  [SoapUITestCaseRunner] running step [JDBC Request-Email]
2020-06-13 13:16:35,364 INFO  [SoapUITestCaseRunner] Assertion [Contains] has status VALID
2020-06-13 13:16:35,365 INFO  [SoapUITestCaseRunner] running step [PTCustEmail]
2020-06-13 13:16:36,000 INFO  [SoapUITestCaseRunner] running step [TokenCreation]
2020-06-13 13:16:37,227 INFO  [log] Bearer 6c6b453978b0bd6aa2f0b475e66ce829e95bdc52
2020-06-13 13:16:37,300 INFO  [SoapUITestCaseRunner] Assertion [Script Assertion] has status VALID
2020-06-13 13:16:37,303 INFO  [SoapUITestCaseRunner] Assertion [Valid HTTP Status Codes] has status VALID
2020-06-13 13:16:37,305 INFO  [SoapUITestCaseRunner] Assertion [JsonPath Match] has status VALID
2020-06-13 13:16:37,310 INFO  [SoapUITestCaseRunner] running step [Login]
2020-06-13 13:16:37,616 INFO  [SoapUITestCaseRunner] Assertion [Valid HTTP Status Codes] has status VALID
2020-06-13 13:16:37,618 INFO  [SoapUITestCaseRunner] Assertion [JsonPath Count] has status VALID
2020-06-13 13:16:37,621 INFO  [SoapUITestCaseRunner] running step [PageRequest]
2020-06-13 13:16:38,065 INFO  [SoapUITestCaseRunner] Assertion [Valid HTTP Status Codes] has status VALID
2020-06-13 13:16:38,066 INFO  [SoapUITestCaseRunner] Assertion [Contains] has status VALID
2020-06-13 13:16:38,068 INFO  [SoapUITestCaseRunner] running step [Create Order]
2020-06-13 13:16:39,177 INFO  [log] 254
2020-06-13 13:16:39,179 INFO  [SoapUITestCaseRunner] Assertion [Valid HTTP Status Codes] has status VALID
2020-06-13 13:16:39,181 INFO  [SoapUITestCaseRunner] Assertion [JsonPath Match] has status VALID
2020-06-13 13:16:39,182 INFO  [SoapUITestCaseRunner] Assertion [Script Assertion] has status VALID
2020-06-13 13:16:39,187 INFO  [SoapUITestCaseRunner] running step [PTOrderId]
2020-06-13 13:16:39,194 INFO  [SoapUITestCaseRunner] running step [Limit orders]
2020-06-13 13:16:40,337 INFO  [SoapUITestCaseRunner] Assertion [Valid HTTP Status Codes] has status VALID
2020-06-13 13:16:40,338 INFO  [SoapUITestCaseRunner] Assertion [JsonPath Existence Match] has status VALID
2020-06-13 13:16:40,340 INFO  [SoapUITestCaseRunner] Assertion [JsonPath Match] has status VALID
2020-06-13 13:16:40,341 INFO  [SoapUITestCaseRunner] running step [GetOrderById]
2020-06-13 13:16:40,938 INFO  [SoapUITestCaseRunner] Assertion [Valid HTTP Status Codes] has status VALID
2020-06-13 13:16:40,947 INFO  [SoapUITestCaseRunner] Assertion [JsonPath Match] has status VALID
2020-06-13 13:16:40,952 INFO  [SoapUITestCaseRunner] Assertion [JsonPath Existence Match] has status VALID
2020-06-13 13:16:40,953 INFO  [SoapUITestCaseRunner] running step [GenerateInvoice]
2020-06-13 13:16:41,315 INFO  [log] INV-2013-0029
2020-06-13 13:16:41,316 INFO  [SoapUITestCaseRunner] Assertion [Valid HTTP Status Codes] has status VALID
2020-06-13 13:16:41,318 INFO  [SoapUITestCaseRunner] Assertion [JsonPath Match] has status VALID
2020-06-13 13:16:41,319 INFO  [SoapUITestCaseRunner] Assertion [JsonPath Existence Match] has status VALID
2020-06-13 13:16:41,325 INFO  [SoapUITestCaseRunner] Assertion [Script Assertion] has status VALID
2020-06-13 13:16:41,330 INFO  [SoapUITestCaseRunner] Finished running SoapUI testcase [TC01-DataBase&E2E], time taken: 5372ms, status: FINISHED
2020-06-13 13:16:41,347 INFO  [SoapUITestCaseRunner] Running SoapUI testcase [TC02-DataDriven]
2020-06-13 13:16:41,350 INFO  [SoapUITestCaseRunner] running step [TokenCreation]
2020-06-13 13:16:41,711 INFO  [log] Bearer fb6d946c35b98e78a4d7800e759148bba42f6bd5
2020-06-13 13:16:41,715 INFO  [SoapUITestCaseRunner] Assertion [Script Assertion] has status VALID
2020-06-13 13:16:41,717 INFO  [SoapUITestCaseRunner] Assertion [Valid HTTP Status Codes] has status VALID
2020-06-13 13:16:41,722 INFO  [SoapUITestCaseRunner] Assertion [JsonPath Match] has status VALID
2020-06-13 13:16:41,724 INFO  [SoapUITestCaseRunner] running step [Login]
2020-06-13 13:16:42,054 INFO  [SoapUITestCaseRunner] Assertion [Valid HTTP Status Codes] has status VALID
2020-06-13 13:16:42,055 INFO  [SoapUITestCaseRunner] Assertion [JsonPath Count] has status VALID
2020-06-13 13:16:42,067 INFO  [SoapUITestCaseRunner] running step [PageRequest]
2020-06-13 13:16:42,431 INFO  [SoapUITestCaseRunner] Assertion [Valid HTTP Status Codes] has status VALID
2020-06-13 13:16:42,447 INFO  [SoapUITestCaseRunner] Assertion [Contains] has status VALID
2020-06-13 13:16:42,448 INFO  [SoapUITestCaseRunner] running step [Create Order]
2020-06-13 13:16:43,152 INFO  [log] 255
2020-06-13 13:16:43,152 INFO  [SoapUITestCaseRunner] Assertion [Valid HTTP Status Codes] has status VALID
2020-06-13 13:16:43,154 INFO  [SoapUITestCaseRunner] Assertion [JsonPath Match] has status VALID
2020-06-13 13:16:43,158 INFO  [SoapUITestCaseRunner] Assertion [Script Assertion] has status VALID
2020-06-13 13:16:43,160 INFO  [SoapUITestCaseRunner] running step [PTOrderId]
2020-06-13 13:16:43,168 INFO  [SoapUITestCaseRunner] running step [Limit orders]
2020-06-13 13:16:43,620 INFO  [SoapUITestCaseRunner] Assertion [Valid HTTP Status Codes] has status VALID
2020-06-13 13:16:43,624 INFO  [SoapUITestCaseRunner] Assertion [JsonPath Existence Match] has status VALID
2020-06-13 13:16:43,629 INFO  [SoapUITestCaseRunner] Assertion [JsonPath Match] has status VALID
2020-06-13 13:16:43,633 INFO  [SoapUITestCaseRunner] running step [GetOrderById]
2020-06-13 13:16:43,988 INFO  [SoapUITestCaseRunner] Assertion [Valid HTTP Status Codes] has status VALID
2020-06-13 13:16:43,999 INFO  [SoapUITestCaseRunner] Assertion [JsonPath Match] has status VALID
2020-06-13 13:16:44,000 INFO  [SoapUITestCaseRunner] Assertion [JsonPath Existence Match] has status VALID
2020-06-13 13:16:44,004 INFO  [SoapUITestCaseRunner] running step [GenerateInvoice]
2020-06-13 13:16:44,361 INFO  [log] INV-2013-0030
2020-06-13 13:16:44,361 INFO  [SoapUITestCaseRunner] Assertion [Valid HTTP Status Codes] has status VALID
2020-06-13 13:16:44,363 INFO  [SoapUITestCaseRunner] Assertion [JsonPath Match] has status VALID
2020-06-13 13:16:44,364 INFO  [SoapUITestCaseRunner] Assertion [JsonPath Existence Match] has status VALID
2020-06-13 13:16:44,369 INFO  [SoapUITestCaseRunner] Assertion [Script Assertion] has status VALID
2020-06-13 13:16:44,369 INFO  [SoapUITestCaseRunner] Finished running SoapUI testcase [TC02-DataDriven], time taken: 2550ms, status: FINISHED
2020-06-13 13:16:44,372 INFO  [SoapUITestCaseRunner] Running SoapUI testcase [TestCase 1]
2020-06-13 13:16:44,382 INFO  [SoapUITestCaseRunner] running step [DataDriven]
2020-06-13 13:16:45,084 INFO  [log] id
2020-06-13 13:16:45,102 INFO  [log]  row size is 7
2020-06-13 13:16:45,104 INFO  [log]  column size is 1
2020-06-13 13:16:45,104 INFO  [log]  Current email id  is  asd@gmail.com
2020-06-13 13:16:45,153 INFO  [SoapUITestCaseRunner] Running SoapUI testcase [TC02-DataDriven]
2020-06-13 13:16:45,156 INFO  [SoapUITestCaseRunner] running step [TokenCreation]
2020-06-13 13:16:45,474 INFO  [log] Bearer 030d4b1850a5b9e16587c78d7d257a859cf99a49
2020-06-13 13:16:45,483 INFO  [SoapUITestCaseRunner] Assertion [Script Assertion] has status VALID
2020-06-13 13:16:45,485 INFO  [SoapUITestCaseRunner] Assertion [Valid HTTP Status Codes] has status VALID
2020-06-13 13:16:45,490 INFO  [SoapUITestCaseRunner] Assertion [JsonPath Match] has status VALID
2020-06-13 13:16:45,491 INFO  [SoapUITestCaseRunner] running step [Login]
2020-06-13 13:16:45,783 INFO  [SoapUITestCaseRunner] Assertion [Valid HTTP Status Codes] has status VALID
2020-06-13 13:16:45,784 INFO  [SoapUITestCaseRunner] Assertion [JsonPath Count] has status VALID
2020-06-13 13:16:45,786 INFO  [SoapUITestCaseRunner] running step [PageRequest]
2020-06-13 13:16:46,138 INFO  [SoapUITestCaseRunner] Assertion [Valid HTTP Status Codes] has status VALID
2020-06-13 13:16:46,139 INFO  [SoapUITestCaseRunner] Assertion [Contains] has status VALID
2020-06-13 13:16:46,141 INFO  [SoapUITestCaseRunner] running step [Create Order]
2020-06-13 13:16:46,825 INFO  [log] 256
2020-06-13 13:16:46,831 INFO  [SoapUITestCaseRunner] Assertion [Valid HTTP Status Codes] has status VALID
2020-06-13 13:16:46,833 INFO  [SoapUITestCaseRunner] Assertion [JsonPath Match] has status VALID
2020-06-13 13:16:46,836 INFO  [SoapUITestCaseRunner] Assertion [Script Assertion] has status VALID
2020-06-13 13:16:46,837 INFO  [SoapUITestCaseRunner] running step [PTOrderId]
2020-06-13 13:16:46,849 INFO  [SoapUITestCaseRunner] running step [Limit orders]
2020-06-13 13:16:47,242 INFO  [SoapUITestCaseRunner] Assertion [Valid HTTP Status Codes] has status VALID
2020-06-13 13:16:47,245 INFO  [SoapUITestCaseRunner] Assertion [JsonPath Existence Match] has status VALID
2020-06-13 13:16:47,247 INFO  [SoapUITestCaseRunner] Assertion [JsonPath Match] has status VALID
2020-06-13 13:16:47,248 INFO  [SoapUITestCaseRunner] running step [GetOrderById]
2020-06-13 13:16:47,553 INFO  [SoapUITestCaseRunner] Assertion [Valid HTTP Status Codes] has status VALID
2020-06-13 13:16:47,554 INFO  [SoapUITestCaseRunner] Assertion [JsonPath Match] has status VALID
2020-06-13 13:16:47,556 INFO  [SoapUITestCaseRunner] Assertion [JsonPath Existence Match] has status VALID
2020-06-13 13:16:47,563 INFO  [SoapUITestCaseRunner] running step [GenerateInvoice]
2020-06-13 13:16:47,858 INFO  [log] INV-2013-0031
2020-06-13 13:16:47,861 INFO  [SoapUITestCaseRunner] Assertion [Valid HTTP Status Codes] has status VALID
2020-06-13 13:16:47,864 INFO  [SoapUITestCaseRunner] Assertion [JsonPath Match] has status VALID
2020-06-13 13:16:47,865 INFO  [SoapUITestCaseRunner] Assertion [JsonPath Existence Match] has status VALID
2020-06-13 13:16:47,872 INFO  [SoapUITestCaseRunner] Assertion [Script Assertion] has status VALID
2020-06-13 13:16:47,877 INFO  [SoapUITestCaseRunner] Finished running SoapUI testcase [TC02-DataDriven], time taken: 2471ms, status: FINISHED
2020-06-13 13:16:47,883 INFO  [log] Status:  FINISHED, time taken for testCase is: 2471 ms
2020-06-13 13:16:47,902 INFO  [log] number of test steps executed are: 8
2020-06-13 13:16:47,908 INFO  [log]  Current email id  is  bbb@gmail.com
2020-06-13 13:16:47,910 INFO  [SoapUITestCaseRunner] Running SoapUI testcase [TC02-DataDriven]
2020-06-13 13:16:47,914 INFO  [SoapUITestCaseRunner] running step [TokenCreation]
2020-06-13 13:16:48,225 INFO  [log] Bearer 0a8f9a9029d1887b125e905d629128b2bddaab13
2020-06-13 13:16:48,230 INFO  [SoapUITestCaseRunner] Assertion [Script Assertion] has status VALID
2020-06-13 13:16:48,233 INFO  [SoapUITestCaseRunner] Assertion [Valid HTTP Status Codes] has status VALID
2020-06-13 13:16:48,236 INFO  [SoapUITestCaseRunner] Assertion [JsonPath Match] has status VALID
2020-06-13 13:16:48,237 INFO  [SoapUITestCaseRunner] running step [Login]
2020-06-13 13:16:48,538 INFO  [SoapUITestCaseRunner] Assertion [Valid HTTP Status Codes] has status VALID
2020-06-13 13:16:48,540 INFO  [SoapUITestCaseRunner] Assertion [JsonPath Count] has status VALID
2020-06-13 13:16:48,547 INFO  [SoapUITestCaseRunner] running step [PageRequest]
2020-06-13 13:16:48,903 INFO  [SoapUITestCaseRunner] Assertion [Valid HTTP Status Codes] has status VALID
2020-06-13 13:16:48,904 INFO  [SoapUITestCaseRunner] Assertion [Contains] has status VALID
2020-06-13 13:16:48,908 INFO  [SoapUITestCaseRunner] running step [Create Order]
2020-06-13 13:16:49,572 INFO  [log] 257
2020-06-13 13:16:49,576 INFO  [SoapUITestCaseRunner] Assertion [Valid HTTP Status Codes] has status VALID
2020-06-13 13:16:49,582 INFO  [SoapUITestCaseRunner] Assertion [JsonPath Match] has status VALID
2020-06-13 13:16:49,583 INFO  [SoapUITestCaseRunner] Assertion [Script Assertion] has status VALID
2020-06-13 13:16:49,587 INFO  [SoapUITestCaseRunner] running step [PTOrderId]
2020-06-13 13:16:49,596 INFO  [SoapUITestCaseRunner] running step [Limit orders]
2020-06-13 13:16:50,016 INFO  [SoapUITestCaseRunner] Assertion [Valid HTTP Status Codes] has status VALID
2020-06-13 13:16:50,016 INFO  [SoapUITestCaseRunner] Assertion [JsonPath Existence Match] has status VALID
2020-06-13 13:16:50,019 INFO  [SoapUITestCaseRunner] Assertion [JsonPath Match] has status VALID
2020-06-13 13:16:50,027 INFO  [SoapUITestCaseRunner] running step [GetOrderById]
2020-06-13 13:16:50,348 INFO  [SoapUITestCaseRunner] Assertion [Valid HTTP Status Codes] has status VALID
2020-06-13 13:16:50,351 INFO  [SoapUITestCaseRunner] Assertion [JsonPath Match] has status VALID
2020-06-13 13:16:50,353 INFO  [SoapUITestCaseRunner] Assertion [JsonPath Existence Match] has status VALID
2020-06-13 13:16:50,355 INFO  [SoapUITestCaseRunner] running step [GenerateInvoice]
2020-06-13 13:16:50,653 INFO  [log] INV-2013-0032
2020-06-13 13:16:50,654 INFO  [SoapUITestCaseRunner] Assertion [Valid HTTP Status Codes] has status VALID
2020-06-13 13:16:50,658 INFO  [SoapUITestCaseRunner] Assertion [JsonPath Match] has status VALID
2020-06-13 13:16:50,667 INFO  [SoapUITestCaseRunner] Assertion [JsonPath Existence Match] has status VALID
2020-06-13 13:16:50,671 INFO  [SoapUITestCaseRunner] Assertion [Script Assertion] has status VALID
2020-06-13 13:16:50,681 INFO  [SoapUITestCaseRunner] Finished running SoapUI testcase [TC02-DataDriven], time taken: 2495ms, status: FINISHED
2020-06-13 13:16:50,685 INFO  [log] Status:  FINISHED, time taken for testCase is: 2495 ms
2020-06-13 13:16:50,693 INFO  [log] number of test steps executed are: 8
2020-06-13 13:16:50,698 INFO  [log]  Current email id  is  ccc@gmail.com
2020-06-13 13:16:50,700 INFO  [SoapUITestCaseRunner] Running SoapUI testcase [TC02-DataDriven]
2020-06-13 13:16:50,712 INFO  [SoapUITestCaseRunner] running step [TokenCreation]
2020-06-13 13:16:51,017 INFO  [log] Bearer f57c74291e73ba05570c80ba6b153d0b7a3e1d3d
2020-06-13 13:16:51,019 INFO  [SoapUITestCaseRunner] Assertion [Script Assertion] has status VALID
2020-06-13 13:16:51,019 INFO  [SoapUITestCaseRunner] Assertion [Valid HTTP Status Codes] has status VALID
2020-06-13 13:16:51,020 INFO  [SoapUITestCaseRunner] Assertion [JsonPath Match] has status VALID
2020-06-13 13:16:51,021 INFO  [SoapUITestCaseRunner] running step [Login]
2020-06-13 13:16:51,317 INFO  [SoapUITestCaseRunner] Assertion [Valid HTTP Status Codes] has status VALID
2020-06-13 13:16:51,319 INFO  [SoapUITestCaseRunner] Assertion [JsonPath Count] has status VALID
2020-06-13 13:16:51,321 INFO  [SoapUITestCaseRunner] running step [PageRequest]
2020-06-13 13:16:51,692 INFO  [SoapUITestCaseRunner] Assertion [Valid HTTP Status Codes] has status VALID
2020-06-13 13:16:51,694 INFO  [SoapUITestCaseRunner] Assertion [Contains] has status VALID
2020-06-13 13:16:51,700 INFO  [SoapUITestCaseRunner] running step [Create Order]
2020-06-13 13:16:52,425 INFO  [log] 258
2020-06-13 13:16:52,426 INFO  [SoapUITestCaseRunner] Assertion [Valid HTTP Status Codes] has status VALID
2020-06-13 13:16:52,433 INFO  [SoapUITestCaseRunner] Assertion [JsonPath Match] has status VALID
2020-06-13 13:16:52,433 INFO  [SoapUITestCaseRunner] Assertion [Script Assertion] has status VALID
2020-06-13 13:16:52,434 INFO  [SoapUITestCaseRunner] running step [PTOrderId]
2020-06-13 13:16:52,441 INFO  [SoapUITestCaseRunner] running step [Limit orders]
2020-06-13 13:16:52,856 INFO  [SoapUITestCaseRunner] Assertion [Valid HTTP Status Codes] has status VALID
2020-06-13 13:16:52,861 INFO  [SoapUITestCaseRunner] Assertion [JsonPath Existence Match] has status VALID
2020-06-13 13:16:52,862 INFO  [SoapUITestCaseRunner] Assertion [JsonPath Match] has status VALID
2020-06-13 13:16:52,863 INFO  [SoapUITestCaseRunner] running step [GetOrderById]
2020-06-13 13:16:53,165 INFO  [SoapUITestCaseRunner] Assertion [Valid HTTP Status Codes] has status VALID
2020-06-13 13:16:53,166 INFO  [SoapUITestCaseRunner] Assertion [JsonPath Match] has status VALID
2020-06-13 13:16:53,170 INFO  [SoapUITestCaseRunner] Assertion [JsonPath Existence Match] has status VALID
2020-06-13 13:16:53,171 INFO  [SoapUITestCaseRunner] running step [GenerateInvoice]
2020-06-13 13:16:53,473 INFO  [log] INV-2013-0033
2020-06-13 13:16:53,475 INFO  [SoapUITestCaseRunner] Assertion [Valid HTTP Status Codes] has status VALID
2020-06-13 13:16:53,476 INFO  [SoapUITestCaseRunner] Assertion [JsonPath Match] has status VALID
2020-06-13 13:16:53,477 INFO  [SoapUITestCaseRunner] Assertion [JsonPath Existence Match] has status VALID
2020-06-13 13:16:53,478 INFO  [SoapUITestCaseRunner] Assertion [Script Assertion] has status VALID
2020-06-13 13:16:53,482 INFO  [SoapUITestCaseRunner] Finished running SoapUI testcase [TC02-DataDriven], time taken: 2595ms, status: FINISHED
2020-06-13 13:16:53,489 INFO  [log] Status:  FINISHED, time taken for testCase is: 2595 ms
2020-06-13 13:16:53,489 INFO  [log] number of test steps executed are: 8
2020-06-13 13:16:53,494 INFO  [log]  Current email id  is  ddd@gmail.com
2020-06-13 13:16:53,495 INFO  [SoapUITestCaseRunner] Running SoapUI testcase [TC02-DataDriven]
2020-06-13 13:16:53,502 INFO  [SoapUITestCaseRunner] running step [TokenCreation]
2020-06-13 13:16:53,831 INFO  [log] Bearer 7a1eb622df7685785e2ed923571f5de1f1e66d2d
2020-06-13 13:16:53,835 INFO  [SoapUITestCaseRunner] Assertion [Script Assertion] has status VALID
2020-06-13 13:16:53,836 INFO  [SoapUITestCaseRunner] Assertion [Valid HTTP Status Codes] has status VALID
2020-06-13 13:16:53,845 INFO  [SoapUITestCaseRunner] Assertion [JsonPath Match] has status VALID
2020-06-13 13:16:53,847 INFO  [SoapUITestCaseRunner] running step [Login]
2020-06-13 13:16:54,152 INFO  [SoapUITestCaseRunner] Assertion [Valid HTTP Status Codes] has status VALID
2020-06-13 13:16:54,153 INFO  [SoapUITestCaseRunner] Assertion [JsonPath Count] has status VALID
2020-06-13 13:16:54,157 INFO  [SoapUITestCaseRunner] running step [PageRequest]
2020-06-13 13:16:54,505 INFO  [SoapUITestCaseRunner] Assertion [Valid HTTP Status Codes] has status VALID
2020-06-13 13:16:54,506 INFO  [SoapUITestCaseRunner] Assertion [Contains] has status VALID
2020-06-13 13:16:54,507 INFO  [SoapUITestCaseRunner] running step [Create Order]
2020-06-13 13:16:55,224 INFO  [log] 259
2020-06-13 13:16:55,226 INFO  [SoapUITestCaseRunner] Assertion [Valid HTTP Status Codes] has status VALID
2020-06-13 13:16:55,229 INFO  [SoapUITestCaseRunner] Assertion [JsonPath Match] has status VALID
2020-06-13 13:16:55,230 INFO  [SoapUITestCaseRunner] Assertion [Script Assertion] has status VALID
2020-06-13 13:16:55,238 INFO  [SoapUITestCaseRunner] running step [PTOrderId]
2020-06-13 13:16:55,246 INFO  [SoapUITestCaseRunner] running step [Limit orders]
2020-06-13 13:16:55,656 INFO  [SoapUITestCaseRunner] Assertion [Valid HTTP Status Codes] has status VALID
2020-06-13 13:16:55,657 INFO  [SoapUITestCaseRunner] Assertion [JsonPath Existence Match] has status VALID
2020-06-13 13:16:55,661 INFO  [SoapUITestCaseRunner] Assertion [JsonPath Match] has status VALID
2020-06-13 13:16:55,662 INFO  [SoapUITestCaseRunner] running step [GetOrderById]
2020-06-13 13:16:55,964 INFO  [SoapUITestCaseRunner] Assertion [Valid HTTP Status Codes] has status VALID
2020-06-13 13:16:55,965 INFO  [SoapUITestCaseRunner] Assertion [JsonPath Match] has status VALID
2020-06-13 13:16:55,966 INFO  [SoapUITestCaseRunner] Assertion [JsonPath Existence Match] has status VALID
2020-06-13 13:16:55,973 INFO  [SoapUITestCaseRunner] running step [GenerateInvoice]
2020-06-13 13:16:56,264 INFO  [log] INV-2013-0034
2020-06-13 13:16:56,265 INFO  [SoapUITestCaseRunner] Assertion [Valid HTTP Status Codes] has status VALID
2020-06-13 13:16:56,266 INFO  [SoapUITestCaseRunner] Assertion [JsonPath Match] has status VALID
2020-06-13 13:16:56,267 INFO  [SoapUITestCaseRunner] Assertion [JsonPath Existence Match] has status VALID
2020-06-13 13:16:56,272 INFO  [SoapUITestCaseRunner] Assertion [Script Assertion] has status VALID
2020-06-13 13:16:56,280 INFO  [SoapUITestCaseRunner] Finished running SoapUI testcase [TC02-DataDriven], time taken: 2581ms, status: FINISHED
2020-06-13 13:16:56,284 INFO  [log] Status:  FINISHED, time taken for testCase is: 2581 ms
2020-06-13 13:16:56,285 INFO  [log] number of test steps executed are: 8
2020-06-13 13:16:56,294 INFO  [log]  Current email id  is  eee@gmail.com
2020-06-13 13:16:56,298 INFO  [SoapUITestCaseRunner] Running SoapUI testcase [TC02-DataDriven]
2020-06-13 13:16:56,305 INFO  [SoapUITestCaseRunner] running step [TokenCreation]
2020-06-13 13:16:56,598 INFO  [log] Bearer 542887c7f4b8aebb1a028f6e2a617e913a0c7f94
2020-06-13 13:16:56,600 INFO  [SoapUITestCaseRunner] Assertion [Script Assertion] has status VALID
2020-06-13 13:16:56,601 INFO  [SoapUITestCaseRunner] Assertion [Valid HTTP Status Codes] has status VALID
2020-06-13 13:16:56,608 INFO  [SoapUITestCaseRunner] Assertion [JsonPath Match] has status VALID
2020-06-13 13:16:56,613 INFO  [SoapUITestCaseRunner] running step [Login]
2020-06-13 13:16:56,909 INFO  [SoapUITestCaseRunner] Assertion [Valid HTTP Status Codes] has status VALID
2020-06-13 13:16:56,912 INFO  [SoapUITestCaseRunner] Assertion [JsonPath Count] has status VALID
2020-06-13 13:16:56,916 INFO  [SoapUITestCaseRunner] running step [PageRequest]
2020-06-13 13:16:57,269 INFO  [SoapUITestCaseRunner] Assertion [Valid HTTP Status Codes] has status VALID
2020-06-13 13:16:57,270 INFO  [SoapUITestCaseRunner] Assertion [Contains] has status VALID
2020-06-13 13:16:57,271 INFO  [SoapUITestCaseRunner] running step [Create Order]
2020-06-13 13:16:58,011 INFO  [log] 260
2020-06-13 13:16:58,012 INFO  [SoapUITestCaseRunner] Assertion [Valid HTTP Status Codes] has status VALID
2020-06-13 13:16:58,014 INFO  [SoapUITestCaseRunner] Assertion [JsonPath Match] has status VALID
2020-06-13 13:16:58,021 INFO  [SoapUITestCaseRunner] Assertion [Script Assertion] has status VALID
2020-06-13 13:16:58,029 INFO  [SoapUITestCaseRunner] running step [PTOrderId]
2020-06-13 13:16:58,039 INFO  [SoapUITestCaseRunner] running step [Limit orders]
2020-06-13 13:16:58,448 INFO  [SoapUITestCaseRunner] Assertion [Valid HTTP Status Codes] has status VALID
2020-06-13 13:16:58,448 INFO  [SoapUITestCaseRunner] Assertion [JsonPath Existence Match] has status VALID
2020-06-13 13:16:58,450 INFO  [SoapUITestCaseRunner] Assertion [JsonPath Match] has status VALID
2020-06-13 13:16:58,451 INFO  [SoapUITestCaseRunner] running step [GetOrderById]
2020-06-13 13:16:58,761 INFO  [SoapUITestCaseRunner] Assertion [Valid HTTP Status Codes] has status VALID
2020-06-13 13:16:58,762 INFO  [SoapUITestCaseRunner] Assertion [JsonPath Match] has status VALID
2020-06-13 13:16:58,767 INFO  [SoapUITestCaseRunner] Assertion [JsonPath Existence Match] has status VALID
2020-06-13 13:16:58,769 INFO  [SoapUITestCaseRunner] running step [GenerateInvoice]
2020-06-13 13:16:59,066 INFO  [log] INV-2013-0035
2020-06-13 13:16:59,068 INFO  [SoapUITestCaseRunner] Assertion [Valid HTTP Status Codes] has status VALID
2020-06-13 13:16:59,069 INFO  [SoapUITestCaseRunner] Assertion [JsonPath Match] has status VALID
2020-06-13 13:16:59,078 INFO  [SoapUITestCaseRunner] Assertion [JsonPath Existence Match] has status VALID
2020-06-13 13:16:59,082 INFO  [SoapUITestCaseRunner] Assertion [Script Assertion] has status VALID
2020-06-13 13:16:59,089 INFO  [SoapUITestCaseRunner] Finished running SoapUI testcase [TC02-DataDriven], time taken: 2559ms, status: FINISHED
2020-06-13 13:16:59,094 INFO  [log] Status:  FINISHED, time taken for testCase is: 2559 ms
2020-06-13 13:16:59,101 INFO  [log] number of test steps executed are: 8
2020-06-13 13:16:59,103 INFO  [log]  Current email id  is  fff@gmail.com
2020-06-13 13:16:59,113 INFO  [SoapUITestCaseRunner] Running SoapUI testcase [TC02-DataDriven]
2020-06-13 13:16:59,115 INFO  [SoapUITestCaseRunner] running step [TokenCreation]
2020-06-13 13:16:59,422 INFO  [log] Bearer e389193ea1c4f681c07f1f016ad447b32f748962
2020-06-13 13:16:59,426 INFO  [SoapUITestCaseRunner] Assertion [Script Assertion] has status VALID
2020-06-13 13:16:59,432 INFO  [SoapUITestCaseRunner] Assertion [Valid HTTP Status Codes] has status VALID
2020-06-13 13:16:59,435 INFO  [SoapUITestCaseRunner] Assertion [JsonPath Match] has status VALID
2020-06-13 13:16:59,445 INFO  [SoapUITestCaseRunner] running step [Login]
2020-06-13 13:16:59,733 INFO  [SoapUITestCaseRunner] Assertion [Valid HTTP Status Codes] has status VALID
2020-06-13 13:16:59,733 INFO  [SoapUITestCaseRunner] Assertion [JsonPath Count] has status VALID
2020-06-13 13:16:59,734 INFO  [SoapUITestCaseRunner] running step [PageRequest]
2020-06-13 13:17:00,058 INFO  [SoapUITestCaseRunner] Assertion [Valid HTTP Status Codes] has status VALID
2020-06-13 13:17:00,059 INFO  [SoapUITestCaseRunner] Assertion [Contains] has status VALID
2020-06-13 13:17:00,059 INFO  [SoapUITestCaseRunner] running step [Create Order]
2020-06-13 13:17:00,780 INFO  [log] 261
2020-06-13 13:17:00,781 INFO  [SoapUITestCaseRunner] Assertion [Valid HTTP Status Codes] has status VALID
2020-06-13 13:17:00,782 INFO  [SoapUITestCaseRunner] Assertion [JsonPath Match] has status VALID
2020-06-13 13:17:00,784 INFO  [SoapUITestCaseRunner] Assertion [Script Assertion] has status VALID
2020-06-13 13:17:00,788 INFO  [SoapUITestCaseRunner] running step [PTOrderId]
2020-06-13 13:17:00,804 INFO  [SoapUITestCaseRunner] running step [Limit orders]
2020-06-13 13:17:01,209 INFO  [SoapUITestCaseRunner] Assertion [Valid HTTP Status Codes] has status VALID
2020-06-13 13:17:01,209 INFO  [SoapUITestCaseRunner] Assertion [JsonPath Existence Match] has status VALID
2020-06-13 13:17:01,211 INFO  [SoapUITestCaseRunner] Assertion [JsonPath Match] has status VALID
2020-06-13 13:17:01,219 INFO  [SoapUITestCaseRunner] running step [GetOrderById]
2020-06-13 13:17:01,525 INFO  [SoapUITestCaseRunner] Assertion [Valid HTTP Status Codes] has status VALID
2020-06-13 13:17:01,526 INFO  [SoapUITestCaseRunner] Assertion [JsonPath Match] has status VALID
2020-06-13 13:17:01,527 INFO  [SoapUITestCaseRunner] Assertion [JsonPath Existence Match] has status VALID
2020-06-13 13:17:01,535 INFO  [SoapUITestCaseRunner] running step [GenerateInvoice]
2020-06-13 13:17:01,824 INFO  [log] INV-2013-0036
2020-06-13 13:17:01,827 INFO  [SoapUITestCaseRunner] Assertion [Valid HTTP Status Codes] has status VALID
2020-06-13 13:17:01,828 INFO  [SoapUITestCaseRunner] Assertion [JsonPath Match] has status VALID
2020-06-13 13:17:01,832 INFO  [SoapUITestCaseRunner] Assertion [JsonPath Existence Match] has status VALID
2020-06-13 13:17:01,834 INFO  [SoapUITestCaseRunner] Assertion [Script Assertion] has status VALID
2020-06-13 13:17:01,843 INFO  [SoapUITestCaseRunner] Finished running SoapUI testcase [TC02-DataDriven], time taken: 2544ms, status: FINISHED
2020-06-13 13:17:01,848 INFO  [log] Status:  FINISHED, time taken for testCase is: 2544 ms
2020-06-13 13:17:01,855 INFO  [log] number of test steps executed are: 8
2020-06-13 13:17:01,860 INFO  [SoapUITestCaseRunner] Finished running SoapUI testcase [TestCase 1], time taken: 17475ms, status: FINISHED
2020-06-13 13:17:01,867 INFO  [SoapUITestCaseRunner] Project [Rest Project] finished with status [FINISHED] in 27123ms
2020-06-13 13:17:06,295 WARN  [Tools] Could not delete temporary directory C:\Users\VIGNES~1\AppData\Local\Temp\00ca861d-7bb6-406f-a2a4-d4b7cdd31898
2020-06-13 13:17:06,309 WARN  [Tools] Could not delete temporary directory C:\Users\VIGNES~1\AppData\Local\Temp\bc335939-7024-44c0-b7c6-c353197cead7
